<?xml version="1.0" encoding="UTF-8" standalone="no"?>
<!DOCTYPE log SYSTEM "logger.dtd">
<log>
<record>
  <date>2025-06-25T09:16:55.926-0300</date>
  <logger>FABIANA SIMPLICIO DA SILVA</logger>
  <level>FINE</level>
  <message>File 124110344-FABIANA SIMPLICIO DA SILVA.zip was received. It was sent by FABIANA SIMPLICIO DA SILVA from IP 150.165.42.142 at 25-06-2025 09*16*55</message>
</record>
</log>
<?xml version="1.0" encoding="UTF-8" standalone="no"?>
<!DOCTYPE log SYSTEM "logger.dtd">
<log>
<record>
  <date>2025-06-25T09:33:57.463-0300</date>
  <logger>FABIANA SIMPLICIO DA SILVA</logger>
  <level>FINE</level>
  <message>File 124110344-FABIANA SIMPLICIO DA SILVA.zip was received. It was sent by FABIANA SIMPLICIO DA SILVA from IP 150.165.42.142 at 25-06-2025 09*33*57</message>
</record>
</log>
<?xml version="1.0" encoding="UTF-8" standalone="no"?>
<!DOCTYPE log SYSTEM "logger.dtd">
<log>
<record>
  <date>2025-06-25T20:34:22.486-0300</date>
  <logger>FABIANA SIMPLICIO DA SILVA</logger>
  <level>FINE</level>
  <message>File 124110344-FABIANA SIMPLICIO DA SILVA.zip was received. It was sent by FABIANA SIMPLICIO DA SILVA from IP 192.168.1.104 at 25-06-2025 20*34*22</message>
</record>
</log>
<?xml version="1.0" encoding="UTF-8" standalone="no"?>
<!DOCTYPE log SYSTEM "logger.dtd">
<log>
<record>
  <date>2025-06-25T22:46:43.860-0300</date>
  <logger>FABIANA SIMPLICIO DA SILVA</logger>
  <level>FINE</level>
  <message>File 124110344-FABIANA SIMPLICIO DA SILVA.zip was received. It was sent by FABIANA SIMPLICIO DA SILVA from IP 192.168.1.104 at 25-06-2025 22*46*43</message>
</record>
</log>
<?xml version="1.0" encoding="UTF-8" standalone="no"?>
<!DOCTYPE log SYSTEM "logger.dtd">
<log>
<record>
  <date>2025-06-25T22:49:55.406-0300</date>
  <logger>FABIANA SIMPLICIO DA SILVA</logger>
  <level>FINE</level>
  <message>File 124110344-FABIANA SIMPLICIO DA SILVA.zip was received. It was sent by FABIANA SIMPLICIO DA SILVA from IP 192.168.1.104 at 25-06-2025 22*49*52</message>
</record>
</log>
<?xml version="1.0" encoding="UTF-8" standalone="no"?>
<!DOCTYPE log SYSTEM "logger.dtd">
<log>
<record>
  <date>2025-06-26T15:47:11.406-0300</date>
  <logger>FABIANA SIMPLICIO DA SILVA</logger>
  <level>FINE</level>
  <message>File 124110344-FABIANA SIMPLICIO DA SILVA.zip was received. It was sent by FABIANA SIMPLICIO DA SILVA from IP 192.168.1.104 at 26-06-2025 15*47*11</message>
</record>
</log>
<?xml version="1.0" encoding="UTF-8" standalone="no"?>
<!DOCTYPE log SYSTEM "logger.dtd">
<log>
<record>
  <date>2025-07-02T07:09:44.999-0300</date>
  <logger>FABIANA SIMPLICIO DA SILVA</logger>
  <level>FINE</level>
  <message>File 124110344-FABIANA SIMPLICIO DA SILVA.zip was received. It was sent by FABIANA SIMPLICIO DA SILVA from IP 192.168.1.101 at 02-07-2025 07*09*44</message>
</record>
