<?xml version="1.0" encoding="UTF-8" standalone="no"?>
<!DOCTYPE log SYSTEM "logger.dtd">
<log>
<record>
  <date>2025-07-04T10:30:55.370-0300</date>
  <logger>FABIANA SIMPLICIO DA SILVA</logger>
  <level>FINE</level>
  <message>File 124110344-FABIANA SIMPLICIO DA SILVA.zip was received. It was sent by FABIANA SIMPLICIO DA SILVA from IP 150.165.42.101 at 04-07-2025 10*30*55</message>
</record>
</log>
<?xml version="1.0" encoding="UTF-8" standalone="no"?>
<!DOCTYPE log SYSTEM "logger.dtd">
<log>
<record>
  <date>2025-07-04T10:58:01.347-0300</date>
  <logger>FABIANA SIMPLICIO DA SILVA</logger>
  <level>FINE</level>
  <message>File 124110344-FABIANA SIMPLICIO DA SILVA.zip was received. It was sent by FABIANA SIMPLICIO DA SILVA from IP 150.165.42.101 at 04-07-2025 10*58*01</message>
</record>
</log>
<?xml version="1.0" encoding="UTF-8" standalone="no"?>
<!DOCTYPE log SYSTEM "logger.dtd">
<log>
<record>
  <date>2025-07-04T11:03:51.117-0300</date>
  <logger>FABIANA SIMPLICIO DA SILVA</logger>
  <level>FINE</level>
  <message>File 124110344-FABIANA SIMPLICIO DA SILVA.zip was received. It was sent by FABIANA SIMPLICIO DA SILVA from IP 150.165.42.101 at 04-07-2025 11*03*49</message>
</record>
</log>
<?xml version="1.0" encoding="UTF-8" standalone="no"?>
<!DOCTYPE log SYSTEM "logger.dtd">
<log>
<record>
  <date>2025-07-06T21:21:40.473-0300</date>
  <logger>FABIANA SIMPLICIO DA SILVA</logger>
  <level>FINE</level>
  <message>File 124110344-FABIANA SIMPLICIO DA SILVA.zip was received. It was sent by FABIANA SIMPLICIO DA SILVA from IP 192.168.1.109 at 06-07-2025 21*21*40</message>
</record>
