<?xml version="1.0" encoding="UTF-8" standalone="no"?>
<!DOCTYPE log SYSTEM "logger.dtd">
<log>
<record>
  <date>2025-09-08T11:05:49.996-0300</date>
  <logger>FABIANA SIMPLICIO DA SILVA</logger>
  <level>FINE</level>
  <message>File 124110344-FABIANA SIMPLICIO DA SILVA.zip was received. It was sent by FABIANA SIMPLICIO DA SILVA from IP 192.168.1.104 at 08-09-2025 11*05*49</message>
</record>
</log>
<?xml version="1.0" encoding="UTF-8" standalone="no"?>
<!DOCTYPE log SYSTEM "logger.dtd">
<log>
<record>
  <date>2025-09-10T08:17:22.573-0300</date>
  <logger>FABIANA SIMPLICIO DA SILVA</logger>
  <level>FINE</level>
  <message>File 124110344-FABIANA SIMPLICIO DA SILVA.zip was received. It was sent by FABIANA SIMPLICIO DA SILVA from IP 150.165.42.159 at 10-09-2025 08*17*22</message>
</record>
</log>
<?xml version="1.0" encoding="UTF-8" standalone="no"?>
<!DOCTYPE log SYSTEM "logger.dtd">
<log>
<record>
  <date>2025-09-13T18:07:24.247-0300</date>
  <logger>FABIANA SIMPLICIO DA SILVA</logger>
  <level>FINE</level>
  <message>File 124110344-FABIANA SIMPLICIO DA SILVA.zip was received. It was sent by FABIANA SIMPLICIO DA SILVA from IP 192.168.1.105 at 13-09-2025 18*07*24</message>
</record>
</log>
<?xml version="1.0" encoding="UTF-8" standalone="no"?>
<!DOCTYPE log SYSTEM "logger.dtd">
<log>
<record>
  <date>2025-09-15T08:12:10.319-0300</date>
  <logger>FABIANA SIMPLICIO DA SILVA</logger>
  <level>FINE</level>
  <message>File 124110344-FABIANA SIMPLICIO DA SILVA.zip was received. It was sent by FABIANA SIMPLICIO DA SILVA from IP 192.168.1.104 at 15-09-2025 08*12*10</message>
</record>
</log>
<?xml version="1.0" encoding="UTF-8" standalone="no"?>
<!DOCTYPE log SYSTEM "logger.dtd">
<log>
<record>
  <date>2025-09-16T23:51:16.685-0300</date>
  <logger>FABIANA SIMPLICIO DA SILVA</logger>
  <level>FINE</level>
  <message>File 124110344-FABIANA SIMPLICIO DA SILVA.zip was received. It was sent by FABIANA SIMPLICIO DA SILVA from IP 192.168.1.105 at 16-09-2025 23*51*16</message>
</record>
