<?xml version="1.0" encoding="UTF-8" standalone="no"?>
<!DOCTYPE log SYSTEM "logger.dtd">
<log>
<record>
  <date>2025-07-09T08:04:23.906-0300</date>
  <logger>FABIANA SIMPLICIO DA SILVA</logger>
  <level>FINE</level>
  <message>File 124110344-FABIANA SIMPLICIO DA SILVA.zip was received. It was sent by FABIANA SIMPLICIO DA SILVA from IP 150.165.42.155 at 09-07-2025 08*04*23</message>
</record>
</log>
<?xml version="1.0" encoding="UTF-8" standalone="no"?>
<!DOCTYPE log SYSTEM "logger.dtd">
<log>
<record>
  <date>2025-07-09T09:20:25.221-0300</date>
  <logger>FABIANA SIMPLICIO DA SILVA</logger>
  <level>FINE</level>
  <message>File 124110344-FABIANA SIMPLICIO DA SILVA.zip was received. It was sent by FABIANA SIMPLICIO DA SILVA from IP 150.165.42.155 at 09-07-2025 09*20*25</message>
</record>
</log>
<?xml version="1.0" encoding="UTF-8" standalone="no"?>
<!DOCTYPE log SYSTEM "logger.dtd">
<log>
<record>
  <date>2025-07-15T23:56:09.244-0300</date>
  <logger>FABIANA SIMPLICIO DA SILVA</logger>
  <level>FINE</level>
  <message>File 124110344-FABIANA SIMPLICIO DA SILVA.zip was received. It was sent by FABIANA SIMPLICIO DA SILVA from IP 192.168.1.106 at 15-07-2025 23*56*09</message>
</record>
